-------------------------------------------------------------------------------
Test set: springboot.apachekafka.TutorialApacheKafkaApplicationTests
-------------------------------------------------------------------------------
Tests run: 1, Failures: 0, Errors: 1, Skipped: 0, Time elapsed: 0.47 s <<< FAILURE! - in springboot.apachekafka.TutorialApacheKafkaApplicationTests
springboot.apachekafka.TutorialApacheKafkaApplicationTests  Time elapsed: 0.468 s  <<< ERROR!
java.lang.IllegalStateException: Unable to find a @SpringBootConfiguration, you need to use @ContextConfiguration or @SpringBootTest(classes=...) with your test

