<?xml version="1.0" encoding="UTF-8"?>
<testsuite xmlns:xsi="http://www.w3.org/2001/XMLSchema-instance" xsi:noNamespaceSchemaLocation="https://maven.apache.org/surefire/maven-surefire-plugin/xsd/surefire-test-report.xsd" name="springboot.apachekafka.TutorialApacheKafkaApplicationTests" time="0.47" tests="1" errors="1" skipped="0" failures="0">
  <properties>
[...]
</properties>
  <testcase name="springboot.apachekafka.TutorialApacheKafkaApplicationTests" classname="springboot.apachekafka.TutorialApacheKafkaApplicationTests" time="0.468">
    <error message="Unable to find a @SpringBootConfiguration, you need to use @ContextConfiguration or @SpringBootTest(classes=...) with your test" type="java.lang.IllegalStateException">java.lang.IllegalStateException: Unable to find a @SpringBootConfiguration, you need to use @ContextConfiguration or @SpringBootTest(classes=...) with your test
</error>
    <system-out><![CDATA[19:00:36.947 [main] DEBUG org.springframework.test.context.BootstrapUtils - Instantiating CacheAwareContextLoaderDelegate from class [org.springframework.test.context.cache.DefaultCacheAwareContextLoaderDelegate]
19:00:36.978 [main] DEBUG org.springframework.test.context.BootstrapUtils - Instantiating BootstrapContext using constructor [public org.springframework.test.context.support.DefaultBootstrapContext(java.lang.Class,org.springframework.test.context.CacheAwareContextLoaderDelegate)]
19:00:37.052 [main] DEBUG org.springframework.test.context.BootstrapUtils - Instantiating TestContextBootstrapper for test class [springboot.apachekafka.TutorialApacheKafkaApplicationTests] from class [org.springframework.boot.test.context.SpringBootTestContextBootstrapper]
19:00:37.078 [main] INFO org.springframework.boot.test.context.SpringBootTestContextBootstrapper - Neither @ContextConfiguration nor @ContextHierarchy found for test class [springboot.apachekafka.TutorialApacheKafkaApplicationTests], using SpringBootContextLoader
19:00:37.087 [main] DEBUG org.springframework.test.context.support.AbstractContextLoader - Did not detect default resource location for test class [springboot.apachekafka.TutorialApacheKafkaApplicationTests]: class path resource [springboot/apachekafka/TutorialApacheKafkaApplicationTests-context.xml] does not exist
19:00:37.088 [main] DEBUG org.springframework.test.context.support.AbstractContextLoader - Did not detect default resource location for test class [springboot.apachekafka.TutorialApacheKafkaApplicationTests]: class path resource [springboot/apachekafka/TutorialApacheKafkaApplicationTestsContext.groovy] does not exist
19:00:37.088 [main] INFO org.springframework.test.context.support.AbstractContextLoader - Could not detect default resource locations for test class [springboot.apachekafka.TutorialApacheKafkaApplicationTests]: no resource found for suffixes {-context.xml, Context.groovy}.
19:00:37.089 [main] INFO org.springframework.test.context.support.AnnotationConfigContextLoaderUtils - Could not detect default configuration classes for test class [springboot.apachekafka.TutorialApacheKafkaApplicationTests]: TutorialApacheKafkaApplicationTests does not declare any static, non-private, non-final, nested classes annotated with @Configuration.
19:00:37.203 [main] DEBUG org.springframework.test.context.support.ActiveProfilesUtils - Could not find an 'annotation declaring class' for annotation type [org.springframework.test.context.ActiveProfiles] and class [springboot.apachekafka.TutorialApacheKafkaApplicationTests]
]]></system-out>
  </testcase>
</testsuite>